<?xml version="1.0" encoding="UTF-8"?>
<!-- Generated by org.testng.reporters.JUnitReportReporter -->
<testsuite hostname="DESKTOP-PME6MC6" failures="0" tests="2" name="runner.Runner" time="79.643" errors="0" timestamp="2022-05-31T09:50:15 IST" skipped="0">
  <testcase classname="runner.Runner" name="runScenario" time="49.098"/>
  <system-out/>
  <testcase classname="runner.Runner" name="runScenario" time="30.545"/>
  <system-out/>
</testsuite> <!-- runner.Runner -->
